<?xml version="1.0" encoding="UTF-8"?>
<!-- Generated by org.testng.reporters.JUnitReportReporter -->
<testsuite hostname="LAPTOP-MIBHCKO2" failures="0" tests="2" name="com.cucumber.pom.Runner.TestRunner" time="18.488" errors="0" timestamp="2022-09-08T23:16:50 IST" skipped="0">
  <testcase classname="com.cucumber.pom.Runner.TestRunner" name="runScenario" time="7.837"/>
  <system-out/>
  <testcase classname="com.cucumber.pom.Runner.TestRunner" name="runScenario" time="10.651"/>
  <system-out/>
</testsuite> <!-- com.cucumber.pom.Runner.TestRunner -->
